Compiling the CXX compiler identification source file "CMakeCXXCompilerId.cpp" failed.
Compiler: /Applications/Xcode.app/Contents/Developer/Toolchains/XcodeDefault.xctoolchain/usr/bin/c++ 
Build flags: 
Id flags:  

The output was:
1
ld: library 'c++' not found
c++: error: linker command failed with exit code 1 (use -v to see invocation)


Compiling the C compiler identification source file "CMakeCCompilerId.c" failed.
Compiler: /Applications/Xcode.app/Contents/Developer/Toolchains/XcodeDefault.xctoolchain/usr/bin/cc 
Build flags: 
Id flags:  

The output was:
1
ld: library 'System' not found
cc: error: linker command failed with exit code 1 (use -v to see invocation)


Looking for a CUDA compiler failed with the following output:
CMake Error at /usr/local/Cellar/cmake/3.18.3/share/cmake/Modules/CMakeDetermineCUDACompiler.cmake:166 (message):
  Could not find nvcc, please set CUDAToolkit_ROOT.
Call Stack (most recent call first):
  CMakeLists.txt:2 (project)


-- Configuring incomplete, errors occurred!
See also "/Users/oliverpryce/Documents/AI/text-to-geometry/build/CMakeFiles/CheckCUDA/CMakeFiles/CMakeOutput.log".
See also "/Users/oliverpryce/Documents/AI/text-to-geometry/build/CMakeFiles/CheckCUDA/CMakeFiles/CMakeError.log".

